[0605/220412.277:WARNING:chrome_browser_cloud_management_controller.cc(87)] Could not create policy manager as CBCM is not enabled.
[0605/220412.310:ERROR:component_installer.cc(298)] Failed to verify installation for Widevine Content Decryption Module (C:\Users\bugra.eflatun\AppData\Local\CEF\User Data\WidevineCdm\4.10.2391.0).: Sistem belirtilen yolu bulamýyor. (0x3)
[0605/220452.702:WARNING:chrome_browser_cloud_management_controller.cc(87)] Could not create policy manager as CBCM is not enabled.
[0605/220453.850:INFO:CONSOLE(0)] "Error with Permissions-Policy header: Unrecognized feature: 'ch-ua-form-factor'.", source:  (0)
[0605/220454.999:WARNING:frame_impl.cc(420)] SendProcessMessage sent to detached frame 25769803783 [6,7] will be ignored
[0605/220455.010:WARNING:frame_impl.cc(420)] SendProcessMessage sent to detached frame 25769803783 [6,7] will be ignored
[0605/220455.948:INFO:CONSOLE(1)] "Uncaught ReferenceError: SharedArrayBuffer is not defined", source: https://earth.google.com/static/9.189.0.0/earthwasm.js (1)
[0605/221607.759:WARNING:chrome_browser_cloud_management_controller.cc(87)] Could not create policy manager as CBCM is not enabled.
[0605/221609.323:INFO:CONSOLE(0)] "Error with Permissions-Policy header: Unrecognized feature: 'ch-ua-form-factor'.", source:  (0)
[0605/221610.581:WARNING:frame_impl.cc(420)] SendProcessMessage sent to detached frame 25769803783 [6,7] will be ignored
[0605/221610.581:WARNING:frame_impl.cc(420)] SendProcessMessage sent to detached frame 25769803783 [6,7] will be ignored
[0605/221611.420:INFO:CONSOLE(1)] "Uncaught ReferenceError: SharedArrayBuffer is not defined", source: https://earth.google.com/static/9.189.0.0/earthwasm.js (1)
[0605/221859.241:WARNING:chrome_browser_cloud_management_controller.cc(87)] Could not create policy manager as CBCM is not enabled.
[0605/221900.784:INFO:CONSOLE(0)] "Error with Permissions-Policy header: Unrecognized feature: 'ch-ua-form-factor'.", source:  (0)
[0605/221901.894:WARNING:frame_impl.cc(420)] SendProcessMessage sent to detached frame 25769803783 [6,7] will be ignored
[0605/221901.894:WARNING:frame_impl.cc(420)] SendProcessMessage sent to detached frame 25769803783 [6,7] will be ignored
[0605/221902.700:INFO:CONSOLE(1)] "Uncaught ReferenceError: SharedArrayBuffer is not defined", source: https://earth.google.com/static/9.189.0.0/earthwasm.js (1)
[0605/222749.947:WARNING:chrome_browser_cloud_management_controller.cc(87)] Could not create policy manager as CBCM is not enabled.
[0605/222751.487:INFO:CONSOLE(0)] "Error with Permissions-Policy header: Unrecognized feature: 'ch-ua-form-factor'.", source:  (0)
[0605/222751.498:ERROR:interface_endpoint_client.cc(696)] Message 0 rejected by interface blink.mojom.WidgetHost
[0605/222753.235:WARNING:frame_impl.cc(420)] SendProcessMessage sent to detached frame 25769803783 [6,7] will be ignored
[0605/222753.235:WARNING:frame_impl.cc(420)] SendProcessMessage sent to detached frame 25769803783 [6,7] will be ignored
[0605/222754.084:INFO:CONSOLE(1)] "Uncaught ReferenceError: SharedArrayBuffer is not defined", source: https://earth.google.com/static/9.189.0.0/earthwasm.js (1)
[0605/223430.828:WARNING:chrome_browser_cloud_management_controller.cc(87)] Could not create policy manager as CBCM is not enabled.
[0605/223433.074:INFO:CONSOLE(10)] "Failed to execute 'write' on 'Document': It isn't possible to write into a document from an asynchronously-loaded external script unless it is explicitly opened.", source: https://securepubads.g.doubleclick.net/tag/js/gpt.js (10)
[0605/223433.335:WARNING:browser_info.cc(309)] Returning a speculative frame for 25769803788 [6,12]
[0605/223433.704:WARNING:browser_info.cc(309)] Returning a speculative frame for 25769803788 [6,12]
[0605/223433.704:WARNING:browser_info.cc(309)] Returning a speculative frame for 25769803788 [6,12]
[0605/223433.704:WARNING:browser_info.cc(309)] Returning a speculative frame for 25769803788 [6,12]
[0605/223433.704:WARNING:browser_info.cc(309)] Returning a speculative frame for 25769803788 [6,12]
[0605/223433.720:WARNING:browser_info.cc(309)] Returning a speculative frame for 30064771085 [7,13]
[0605/223433.830:WARNING:browser_info.cc(309)] Returning a speculative frame for 25769803792 [6,16]
[0605/223433.831:WARNING:browser_info.cc(309)] Returning a speculative frame for 25769803792 [6,16]
[0605/223433.831:WARNING:browser_info.cc(309)] Returning a speculative frame for 25769803792 [6,16]
[0605/223433.831:WARNING:browser_info.cc(309)] Returning a speculative frame for 25769803792 [6,16]
[0605/223433.975:INFO:CONSOLE(10)] "[GPT] Cannot find targeting attribute "optimize_refreshed" for "publisher_ads".", source: https://securepubads.g.doubleclick.net/pagead/managed/js/gpt/m202305300101/pubads_impl.js?cb=31075019 (10)
[0605/223433.996:WARNING:browser_info.cc(309)] Returning a speculative frame for 30064771085 [7,13]
[0605/223433.996:WARNING:browser_info.cc(309)] Returning a speculative frame for 30064771085 [7,13]
[0605/223433.996:WARNING:browser_info.cc(309)] Returning a speculative frame for 30064771085 [7,13]
[0605/223433.996:WARNING:browser_info.cc(309)] Returning a speculative frame for 30064771085 [7,13]
[0605/223434.075:WARNING:browser_info.cc(309)] Returning a speculative frame for 34359738384 [8,16]
[0605/223434.266:INFO:CONSOLE(10)] "[GPT] Attempted to load GPT from both standard and limited ads domains.", source: https://securepubads.g.doubleclick.net/pagead/managed/js/gpt/m202305300101/pubads_impl.js?cb=31075019 (10)
[0605/223434.314:WARNING:browser_info.cc(309)] Returning a speculative frame for 34359738384 [8,16]
[0605/223434.314:WARNING:browser_info.cc(309)] Returning a speculative frame for 34359738384 [8,16]
[0605/223434.315:WARNING:browser_info.cc(309)] Returning a speculative frame for 34359738384 [8,16]
[0605/223434.315:WARNING:browser_info.cc(309)] Returning a speculative frame for 34359738384 [8,16]
[0605/223434.477:WARNING:frame_impl.cc(420)] SendProcessMessage sent to detached frame 25769803797 [6,21] will be ignored
[0605/223434.477:WARNING:frame_impl.cc(420)] SendProcessMessage sent to detached frame 25769803797 [6,21] will be ignored
[0605/223434.970:WARNING:browser_info.cc(309)] Returning a speculative frame for 25769803799 [6,23]
[0605/223434.970:WARNING:browser_info.cc(309)] Returning a speculative frame for 25769803799 [6,23]
[0605/223434.971:WARNING:browser_info.cc(309)] Returning a speculative frame for 25769803799 [6,23]
[0605/223434.971:WARNING:browser_info.cc(309)] Returning a speculative frame for 25769803799 [6,23]
[0605/223435.260:WARNING:browser_info.cc(309)] Returning a speculative frame for 38654705684 [9,20]
[0605/223435.291:WARNING:browser_info.cc(309)] Returning a speculative frame for 25769803802 [6,26]
[0605/223435.291:WARNING:browser_info.cc(309)] Returning a speculative frame for 25769803802 [6,26]
[0605/223435.291:WARNING:browser_info.cc(309)] Returning a speculative frame for 25769803802 [6,26]
[0605/223435.292:WARNING:browser_info.cc(309)] Returning a speculative frame for 25769803802 [6,26]
[0605/223435.521:WARNING:browser_info.cc(309)] Returning a speculative frame for 38654705684 [9,20]
[0605/223435.521:WARNING:browser_info.cc(309)] Returning a speculative frame for 38654705684 [9,20]
[0605/223435.522:WARNING:browser_info.cc(309)] Returning a speculative frame for 38654705684 [9,20]
[0605/223435.522:WARNING:browser_info.cc(309)] Returning a speculative frame for 38654705684 [9,20]
[0605/223436.179:INFO:CONSOLE(51)] "direct", source: https://stpd.cloud/assets/postbid/stpd220112.js (51)
[0605/223436.195:WARNING:browser_info.cc(309)] Returning a speculative frame for 42949672982 [10,22]
[0605/223436.587:WARNING:browser_info.cc(309)] Returning a speculative frame for 47244640279 [11,23]
[0605/223436.657:INFO:CONSOLE(51)] "direct", source: https://stpd.cloud/assets/postbid/stpd220112.js (51)
[0605/223436.691:WARNING:browser_info.cc(309)] Returning a speculative frame for 47244640279 [11,23]
[0605/223436.692:WARNING:browser_info.cc(309)] Returning a speculative frame for 47244640279 [11,23]
[0605/223436.692:WARNING:browser_info.cc(309)] Returning a speculative frame for 47244640279 [11,23]
[0605/223436.692:WARNING:browser_info.cc(309)] Returning a speculative frame for 47244640279 [11,23]
[0605/223436.724:WARNING:browser_info.cc(309)] Returning a speculative frame for 51539607579 [12,27]
[0605/223436.766:WARNING:browser_info.cc(309)] Returning a speculative frame for 30064771102 [7,30]
[0605/223436.766:WARNING:browser_info.cc(309)] Returning a speculative frame for 30064771102 [7,30]
[0605/223436.766:WARNING:browser_info.cc(309)] Returning a speculative frame for 30064771102 [7,30]
[0605/223436.767:WARNING:browser_info.cc(309)] Returning a speculative frame for 30064771102 [7,30]
[0605/223436.777:WARNING:browser_info.cc(309)] Returning a speculative frame for 42949672982 [10,22]
[0605/223436.777:WARNING:browser_info.cc(309)] Returning a speculative frame for 42949672982 [10,22]
[0605/223436.777:WARNING:browser_info.cc(309)] Returning a speculative frame for 42949672982 [10,22]
[0605/223436.778:WARNING:browser_info.cc(309)] Returning a speculative frame for 42949672982 [10,22]
[0605/223436.780:WARNING:browser_info.cc(309)] Returning a speculative frame for 42949672987 [10,27]
[0605/223436.780:WARNING:browser_info.cc(309)] Returning a speculative frame for 42949672987 [10,27]
[0605/223436.782:WARNING:browser_info.cc(309)] Returning a speculative frame for 42949672987 [10,27]
[0605/223436.782:WARNING:browser_info.cc(309)] Returning a speculative frame for 42949672987 [10,27]
[0605/223436.944:WARNING:browser_info.cc(309)] Returning a speculative frame for 55834574877 [13,29]
[0605/223436.977:WARNING:browser_info.cc(309)] Returning a speculative frame for 51539607585 [12,33]
[0605/223436.978:WARNING:browser_info.cc(309)] Returning a speculative frame for 51539607585 [12,33]
[0605/223436.978:WARNING:browser_info.cc(309)] Returning a speculative frame for 51539607585 [12,33]
[0605/223436.978:WARNING:browser_info.cc(309)] Returning a speculative frame for 51539607585 [12,33]
[0605/223436.979:WARNING:browser_info.cc(309)] Returning a speculative frame for 51539607579 [12,27]
[0605/223436.979:WARNING:browser_info.cc(309)] Returning a speculative frame for 51539607579 [12,27]
[0605/223436.979:WARNING:browser_info.cc(309)] Returning a speculative frame for 51539607579 [12,27]
[0605/223436.979:WARNING:browser_info.cc(309)] Returning a speculative frame for 51539607579 [12,27]
[0605/223436.982:WARNING:browser_info.cc(309)] Returning a speculative frame for 51539607582 [12,30]
[0605/223436.982:WARNING:browser_info.cc(309)] Returning a speculative frame for 51539607582 [12,30]
[0605/223436.982:WARNING:browser_info.cc(309)] Returning a speculative frame for 51539607582 [12,30]
[0605/223436.982:WARNING:browser_info.cc(309)] Returning a speculative frame for 51539607582 [12,30]
[0605/223437.004:INFO:CONSOLE(51)] "direct", source: https://stpd.cloud/assets/postbid/stpd220112.js (51)
[0605/223437.061:WARNING:browser_info.cc(309)] Returning a speculative frame for 42949672998 [10,38]
[0605/223437.062:WARNING:browser_info.cc(309)] Returning a speculative frame for 42949672998 [10,38]
[0605/223437.062:WARNING:browser_info.cc(309)] Returning a speculative frame for 42949672998 [10,38]
[0605/223437.062:WARNING:browser_info.cc(309)] Returning a speculative frame for 42949672998 [10,38]
[0605/223437.076:WARNING:browser_info.cc(309)] Returning a speculative frame for 60129542174 [14,30]
[0605/223437.180:WARNING:browser_info.cc(309)] Returning a speculative frame for 60129542174 [14,30]
[0605/223437.180:WARNING:browser_info.cc(309)] Returning a speculative frame for 60129542174 [14,30]
[0605/223437.180:WARNING:browser_info.cc(309)] Returning a speculative frame for 60129542174 [14,30]
[0605/223437.180:WARNING:browser_info.cc(309)] Returning a speculative frame for 60129542174 [14,30]
[0605/223437.226:WARNING:browser_info.cc(309)] Returning a speculative frame for 30064771114 [7,42]
[0605/223437.226:WARNING:browser_info.cc(309)] Returning a speculative frame for 30064771114 [7,42]
[0605/223437.227:WARNING:browser_info.cc(309)] Returning a speculative frame for 30064771114 [7,42]
[0605/223437.227:WARNING:browser_info.cc(309)] Returning a speculative frame for 30064771114 [7,42]
[0605/223437.262:WARNING:browser_info.cc(309)] Returning a speculative frame for 60129542177 [14,33]
[0605/223437.262:WARNING:browser_info.cc(309)] Returning a speculative frame for 60129542177 [14,33]
[0605/223437.264:WARNING:browser_info.cc(309)] Returning a speculative frame for 60129542177 [14,33]
[0605/223437.264:WARNING:browser_info.cc(309)] Returning a speculative frame for 60129542177 [14,33]
[0605/223437.304:WARNING:browser_info.cc(309)] Returning a speculative frame for 64424509478 [15,38]
[0605/223437.307:WARNING:browser_info.cc(309)] Returning a speculative frame for 25769803830 [6,54]
[0605/223437.307:WARNING:browser_info.cc(309)] Returning a speculative frame for 25769803830 [6,54]
[0605/223437.308:WARNING:browser_info.cc(309)] Returning a speculative frame for 25769803830 [6,54]
[0605/223437.308:WARNING:browser_info.cc(309)] Returning a speculative frame for 25769803830 [6,54]
[0605/223437.310:WARNING:browser_info.cc(309)] Returning a speculative frame for 38654705708 [9,44]
[0605/223437.310:WARNING:browser_info.cc(309)] Returning a speculative frame for 38654705708 [9,44]
[0605/223437.310:WARNING:browser_info.cc(309)] Returning a speculative frame for 38654705708 [9,44]
[0605/223437.310:WARNING:browser_info.cc(309)] Returning a speculative frame for 38654705708 [9,44]
[0605/223437.352:WARNING:browser_info.cc(309)] Returning a speculative frame for 25769803821 [6,45]
[0605/223437.352:WARNING:browser_info.cc(309)] Returning a speculative frame for 25769803821 [6,45]
[0605/223437.352:WARNING:browser_info.cc(309)] Returning a speculative frame for 25769803821 [6,45]
[0605/223437.352:WARNING:browser_info.cc(309)] Returning a speculative frame for 25769803821 [6,45]
[0605/223437.405:WARNING:browser_info.cc(309)] Returning a speculative frame for 34359738410 [8,42]
[0605/223437.405:WARNING:browser_info.cc(309)] Returning a speculative frame for 34359738410 [8,42]
[0605/223437.405:WARNING:browser_info.cc(309)] Returning a speculative frame for 34359738410 [8,42]
[0605/223437.406:WARNING:browser_info.cc(309)] Returning a speculative frame for 34359738410 [8,42]
[0605/223437.406:WARNING:browser_info.cc(309)] Returning a speculative frame for 64424509478 [15,38]
[0605/223437.406:WARNING:browser_info.cc(309)] Returning a speculative frame for 64424509478 [15,38]
[0605/223437.407:WARNING:browser_info.cc(309)] Returning a speculative frame for 64424509478 [15,38]
[0605/223437.407:WARNING:browser_info.cc(309)] Returning a speculative frame for 64424509478 [15,38]
[0605/223437.426:WARNING:browser_info.cc(309)] Returning a speculative frame for 25769803825 [6,49]
[0605/223437.426:WARNING:browser_info.cc(309)] Returning a speculative frame for 25769803825 [6,49]
[0605/223437.427:WARNING:browser_info.cc(309)] Returning a speculative frame for 25769803825 [6,49]
[0605/223437.428:WARNING:browser_info.cc(309)] Returning a speculative frame for 25769803825 [6,49]
[0605/223437.500:WARNING:browser_info.cc(309)] Returning a speculative frame for 34359738416 [8,48]
[0605/223437.501:WARNING:browser_info.cc(309)] Returning a speculative frame for 34359738416 [8,48]
[0605/223437.501:WARNING:browser_info.cc(309)] Returning a speculative frame for 34359738416 [8,48]
[0605/223437.501:WARNING:browser_info.cc(309)] Returning a speculative frame for 34359738416 [8,48]
[0605/223437.522:WARNING:browser_info.cc(309)] Returning a speculative frame for 60129542191 [14,47]
[0605/223437.523:WARNING:browser_info.cc(309)] Returning a speculative frame for 60129542191 [14,47]
[0605/223437.523:WARNING:browser_info.cc(309)] Returning a speculative frame for 60129542191 [14,47]
[0605/223437.523:WARNING:browser_info.cc(309)] Returning a speculative frame for 60129542191 [14,47]
[0605/223437.760:WARNING:browser_info.cc(309)] Returning a speculative frame for 68719476780 [16,44]
[0605/223437.786:WARNING:browser_info.cc(309)] Returning a speculative frame for 25769803845 [6,69]
[0605/223437.787:WARNING:browser_info.cc(309)] Returning a speculative frame for 25769803845 [6,69]
[0605/223437.792:WARNING:browser_info.cc(309)] Returning a speculative frame for 25769803845 [6,69]
[0605/223437.792:WARNING:browser_info.cc(309)] Returning a speculative frame for 25769803845 [6,69]
[0605/223437.799:WARNING:browser_info.cc(309)] Returning a speculative frame for 25769803837 [6,61]
[0605/223437.799:WARNING:browser_info.cc(309)] Returning a speculative frame for 25769803837 [6,61]
[0605/223437.800:WARNING:browser_info.cc(309)] Returning a speculative frame for 25769803837 [6,61]
[0605/223437.800:WARNING:browser_info.cc(309)] Returning a speculative frame for 25769803837 [6,61]
[0605/223438.015:WARNING:browser_info.cc(309)] Returning a speculative frame for 73014444077 [17,45]
[0605/223438.038:WARNING:browser_info.cc(309)] Returning a speculative frame for 90194313266 [21,50]
[0605/223438.118:WARNING:browser_info.cc(309)] Returning a speculative frame for 90194313266 [21,50]
[0605/223438.187:WARNING:browser_info.cc(309)] Returning a speculative frame for 90194313266 [21,50]
[0605/223438.240:WARNING:browser_info.cc(309)] Returning a speculative frame for 90194313266 [21,50]
[0605/223438.271:WARNING:browser_info.cc(309)] Returning a speculative frame for 51539607615 [12,63]
[0605/223438.295:WARNING:browser_info.cc(309)] Returning a speculative frame for 51539607615 [12,63]
[0605/223438.308:WARNING:browser_info.cc(309)] Returning a speculative frame for 51539607615 [12,63]
[0605/223438.317:WARNING:browser_info.cc(309)] Returning a speculative frame for 51539607615 [12,63]
[0605/223438.356:WARNING:browser_info.cc(309)] Returning a speculative frame for 158913790027 [37,75]
[0605/223438.443:WARNING:browser_info.cc(309)] Returning a speculative frame for 158913790027 [37,75]
[0605/223438.467:WARNING:browser_info.cc(309)] Returning a speculative frame for 158913790027 [37,75]
[0605/223438.478:WARNING:browser_info.cc(309)] Returning a speculative frame for 158913790027 [37,75]
[0605/223438.485:WARNING:browser_info.cc(309)] Returning a speculative frame for 107374182460 [25,60]
[0605/223438.488:WARNING:browser_info.cc(309)] Returning a speculative frame for 103079215163 [24,59]
[0605/223438.490:WARNING:browser_info.cc(309)] Returning a speculative frame for 90194313266 [21,50]
[0605/223438.491:WARNING:browser_info.cc(309)] Returning a speculative frame for 85899345968 [20,48]
[0605/223438.492:WARNING:browser_info.cc(309)] Returning a speculative frame for 64424509499 [15,59]
[0605/223438.492:WARNING:browser_info.cc(309)] Returning a speculative frame for 77309411374 [18,46]
[0605/223438.492:WARNING:browser_info.cc(309)] Returning a speculative frame for 64424509499 [15,59]
[0605/223438.493:WARNING:browser_info.cc(309)] Returning a speculative frame for 64424509499 [15,59]
[0605/223438.499:WARNING:browser_info.cc(309)] Returning a speculative frame for 64424509499 [15,59]
[0605/223438.502:WARNING:browser_info.cc(309)] Returning a speculative frame for 81604378670 [19,46]
[0605/223438.502:WARNING:browser_info.cc(309)] Returning a speculative frame for 34359738437 [8,69]
[0605/223438.502:WARNING:browser_info.cc(309)] Returning a speculative frame for 34359738437 [8,69]
[0605/223438.504:WARNING:browser_info.cc(309)] Returning a speculative frame for 34359738437 [8,69]
[0605/223438.504:WARNING:browser_info.cc(309)] Returning a speculative frame for 34359738437 [8,69]
[0605/223438.508:WARNING:browser_info.cc(309)] Returning a speculative frame for 25769803870 [6,94]
[0605/223438.512:WARNING:browser_info.cc(309)] Returning a speculative frame for 25769803870 [6,94]
[0605/223438.516:WARNING:browser_info.cc(309)] Returning a speculative frame for 111669149757 [26,61]
[0605/223438.516:WARNING:browser_info.cc(309)] Returning a speculative frame for 25769803870 [6,94]
[0605/223438.516:WARNING:browser_info.cc(309)] Returning a speculative frame for 25769803870 [6,94]
[0605/223438.519:WARNING:browser_info.cc(309)] Returning a speculative frame for 38654705745 [9,81]
[0605/223438.519:WARNING:browser_info.cc(309)] Returning a speculative frame for 128849018946 [30,66]
[0605/223438.519:WARNING:browser_info.cc(309)] Returning a speculative frame for 38654705745 [9,81]
[0605/223438.520:WARNING:browser_info.cc(309)] Returning a speculative frame for 38654705745 [9,81]
[0605/223438.520:WARNING:browser_info.cc(309)] Returning a speculative frame for 38654705745 [9,81]
[0605/223438.588:WARNING:browser_info.cc(309)] Returning a speculative frame for 158913790027 [37,75]
[0605/223438.589:WARNING:browser_info.cc(309)] Returning a speculative frame for 150323855433 [35,73]
[0605/223438.589:WARNING:browser_info.cc(309)] Returning a speculative frame for 146028888136 [34,72]
[0605/223438.589:WARNING:browser_info.cc(309)] Returning a speculative frame for 141733920838 [33,70]
[0605/223438.627:WARNING:browser_info.cc(309)] Returning a speculative frame for 51539607639 [12,87]
[0605/223438.638:WARNING:browser_info.cc(309)] Returning a speculative frame for 51539607639 [12,87]
[0605/223438.640:WARNING:browser_info.cc(309)] Returning a speculative frame for 51539607639 [12,87]
[0605/223438.641:WARNING:browser_info.cc(309)] Returning a speculative frame for 51539607639 [12,87]
[0605/223438.642:WARNING:browser_info.cc(309)] Returning a speculative frame for 94489280565 [22,53]
[0605/223438.642:WARNING:browser_info.cc(309)] Returning a speculative frame for 124554051649 [29,65]
[0605/223438.642:WARNING:browser_info.cc(309)] Returning a speculative frame for 154618822731 [36,75]
[0605/223438.643:WARNING:browser_info.cc(309)] Returning a speculative frame for 137438953541 [32,69]
[0605/223438.644:WARNING:browser_info.cc(309)] Returning a speculative frame for 120259084352 [28,64]
[0605/223438.645:WARNING:browser_info.cc(309)] Returning a speculative frame for 115964117055 [27,63]
[0605/223438.652:WARNING:browser_info.cc(309)] Returning a speculative frame for 98784247865 [23,57]
[0605/223438.652:WARNING:browser_info.cc(309)] Returning a speculative frame for 133143986243 [31,67]
[0605/223438.705:WARNING:browser_info.cc(309)] Returning a speculative frame for 154618822731 [36,75]
[0605/223438.708:WARNING:browser_info.cc(309)] Returning a speculative frame for 154618822731 [36,75]
[0605/223438.711:WARNING:browser_info.cc(309)] Returning a speculative frame for 154618822731 [36,75]
[0605/223438.711:WARNING:browser_info.cc(309)] Returning a speculative frame for 154618822731 [36,75]
[0605/223438.744:WARNING:browser_info.cc(309)] Returning a speculative frame for 94489280565 [22,53]
[0605/223438.745:WARNING:browser_info.cc(309)] Returning a speculative frame for 94489280565 [22,53]
[0605/223438.746:WARNING:browser_info.cc(309)] Returning a speculative frame for 94489280565 [22,53]
[0605/223438.746:WARNING:browser_info.cc(309)] Returning a speculative frame for 94489280565 [22,53]
[0605/223438.752:WARNING:browser_info.cc(309)] Returning a speculative frame for 146028888136 [34,72]
[0605/223438.758:WARNING:browser_info.cc(309)] Returning a speculative frame for 81604378683 [19,59]
[0605/223438.760:WARNING:browser_info.cc(309)] Returning a speculative frame for 81604378683 [19,59]
[0605/223438.761:WARNING:browser_info.cc(309)] Returning a speculative frame for 81604378683 [19,59]
[0605/223438.761:WARNING:browser_info.cc(309)] Returning a speculative frame for 81604378683 [19,59]
[0605/223438.793:WARNING:browser_info.cc(309)] Returning a speculative frame for 42949673021 [10,61]
[0605/223438.802:WARNING:browser_info.cc(309)] Returning a speculative frame for 42949673021 [10,61]
[0605/223438.802:WARNING:browser_info.cc(309)] Returning a speculative frame for 42949673021 [10,61]
[0605/223438.802:WARNING:browser_info.cc(309)] Returning a speculative frame for 42949673021 [10,61]
[0605/223438.818:WARNING:browser_info.cc(309)] Returning a speculative frame for 163208757324 [38,76]
[0605/223438.844:WARNING:browser_info.cc(309)] Returning a speculative frame for 103079215163 [24,59]
[0605/223438.844:WARNING:browser_info.cc(309)] Returning a speculative frame for 103079215163 [24,59]
[0605/223438.844:WARNING:browser_info.cc(309)] Returning a speculative frame for 103079215163 [24,59]
[0605/223438.844:WARNING:browser_info.cc(309)] Returning a speculative frame for 103079215163 [24,59]
[0605/223438.853:WARNING:browser_info.cc(309)] Returning a speculative frame for 133143986243 [31,67]
[0605/223438.853:WARNING:browser_info.cc(309)] Returning a speculative frame for 133143986243 [31,67]
[0605/223438.854:WARNING:browser_info.cc(309)] Returning a speculative frame for 133143986243 [31,67]
[0605/223438.854:WARNING:browser_info.cc(309)] Returning a speculative frame for 133143986243 [31,67]
[0605/223438.857:WARNING:browser_info.cc(309)] Returning a speculative frame for 111669149760 [26,64]
[0605/223438.857:WARNING:browser_info.cc(309)] Returning a speculative frame for 111669149760 [26,64]
[0605/223438.857:WARNING:browser_info.cc(309)] Returning a speculative frame for 111669149760 [26,64]
[0605/223438.857:WARNING:browser_info.cc(309)] Returning a speculative frame for 111669149760 [26,64]
[0605/223438.940:WARNING:browser_info.cc(309)] Returning a speculative frame for 141733920838 [33,70]
[0605/223438.941:WARNING:browser_info.cc(309)] Returning a speculative frame for 141733920838 [33,70]
[0605/223438.953:WARNING:browser_info.cc(309)] Returning a speculative frame for 141733920838 [33,70]
[0605/223438.969:WARNING:browser_info.cc(309)] Returning a speculative frame for 141733920838 [33,70]
[0605/223439.013:WARNING:browser_info.cc(309)] Returning a speculative frame for 77309411374 [18,46]
[0605/223439.016:WARNING:browser_info.cc(309)] Returning a speculative frame for 77309411374 [18,46]
[0605/223439.017:WARNING:browser_info.cc(309)] Returning a speculative frame for 77309411374 [18,46]
[0605/223439.017:WARNING:browser_info.cc(309)] Returning a speculative frame for 77309411374 [18,46]
[0605/223439.060:WARNING:browser_info.cc(309)] Returning a speculative frame for 150323855433 [35,73]
[0605/223439.066:WARNING:browser_info.cc(309)] Returning a speculative frame for 150323855433 [35,73]
[0605/223439.069:WARNING:browser_info.cc(309)] Returning a speculative frame for 150323855433 [35,73]
[0605/223439.070:WARNING:browser_info.cc(309)] Returning a speculative frame for 150323855433 [35,73]
[0605/223439.108:WARNING:browser_info.cc(309)] Returning a speculative frame for 64424509527 [15,87]
[0605/223439.131:WARNING:browser_info.cc(309)] Returning a speculative frame for 64424509527 [15,87]
[0605/223439.153:WARNING:browser_info.cc(309)] Returning a speculative frame for 64424509527 [15,87]
[0605/223439.157:WARNING:browser_info.cc(309)] Returning a speculative frame for 64424509527 [15,87]
[0605/223439.162:WARNING:browser_info.cc(309)] Returning a speculative frame for 171798691920 [40,80]
[0605/223439.163:WARNING:browser_info.cc(309)] Returning a speculative frame for 171798691920 [40,80]
[0605/223439.166:WARNING:browser_info.cc(309)] Returning a speculative frame for 171798691920 [40,80]
[0605/223439.167:WARNING:browser_info.cc(309)] Returning a speculative frame for 171798691920 [40,80]
[0605/223439.168:WARNING:browser_info.cc(309)] Returning a speculative frame for 51539607654 [12,102]
[0605/223439.172:WARNING:browser_info.cc(309)] Returning a speculative frame for 51539607654 [12,102]
[0605/223439.176:WARNING:browser_info.cc(309)] Returning a speculative frame for 51539607654 [12,102]
[0605/223439.181:WARNING:browser_info.cc(309)] Returning a speculative frame for 51539607654 [12,102]
[0605/223439.216:WARNING:browser_info.cc(309)] Returning a speculative frame for 120259084352 [28,64]
[0605/223439.220:WARNING:browser_info.cc(309)] Returning a speculative frame for 120259084352 [28,64]
[0605/223439.220:WARNING:browser_info.cc(309)] Returning a speculative frame for 120259084352 [28,64]
[0605/223439.223:WARNING:browser_info.cc(309)] Returning a speculative frame for 120259084352 [28,64]
[0605/223439.225:WARNING:browser_info.cc(309)] Returning a speculative frame for 167503724622 [39,78]
[0605/223439.225:WARNING:browser_info.cc(309)] Returning a speculative frame for 176093659217 [41,81]
[0605/223439.225:WARNING:browser_info.cc(309)] Returning a speculative frame for 180388626516 [42,84]
[0605/223439.226:WARNING:browser_info.cc(309)] Returning a speculative frame for 171798691920 [40,80]
[0605/223439.262:WARNING:browser_info.cc(309)] Returning a speculative frame for 184683593813 [43,85]
[0605/223439.276:WARNING:browser_info.cc(309)] Returning a speculative frame for 188978561110 [44,86]
[0605/223439.323:WARNING:frame_impl.cc(420)] SendProcessMessage sent to detached frame 25769803897 [6,121] will be ignored
[0605/223439.323:WARNING:frame_impl.cc(420)] SendProcessMessage sent to detached frame 25769803897 [6,121] will be ignored
[0605/223439.328:WARNING:browser_info.cc(309)] Returning a speculative frame for 184683593813 [43,85]
[0605/223439.329:WARNING:browser_info.cc(309)] Returning a speculative frame for 184683593813 [43,85]
[0605/223439.330:WARNING:browser_info.cc(309)] Returning a speculative frame for 184683593813 [43,85]
[0605/223439.331:WARNING:browser_info.cc(309)] Returning a speculative frame for 184683593813 [43,85]
[0605/223439.374:WARNING:browser_info.cc(309)] Returning a speculative frame for 176093659217 [41,81]
[0605/223439.375:WARNING:browser_info.cc(309)] Returning a speculative frame for 176093659217 [41,81]
[0605/223439.375:WARNING:browser_info.cc(309)] Returning a speculative frame for 176093659217 [41,81]
[0605/223439.375:WARNING:browser_info.cc(309)] Returning a speculative frame for 176093659217 [41,81]
[0605/223439.377:WARNING:browser_info.cc(309)] Returning a speculative frame for 42949673055 [10,95]
[0605/223439.379:WARNING:browser_info.cc(309)] Returning a speculative frame for 42949673055 [10,95]
[0605/223439.379:WARNING:browser_info.cc(309)] Returning a speculative frame for 42949673055 [10,95]
[0605/223439.379:WARNING:browser_info.cc(309)] Returning a speculative frame for 42949673055 [10,95]
[0605/223439.391:WARNING:browser_info.cc(309)] Returning a speculative frame for 197568495708 [46,92]
[0605/223439.393:WARNING:browser_info.cc(309)] Returning a speculative frame for 193273528409 [45,89]
[0605/223439.397:WARNING:browser_info.cc(309)] Returning a speculative frame for 128849018946 [30,66]
[0605/223439.403:WARNING:browser_info.cc(309)] Returning a speculative frame for 128849018946 [30,66]
[0605/223439.404:WARNING:browser_info.cc(309)] Returning a speculative frame for 128849018946 [30,66]
[0605/223439.405:WARNING:browser_info.cc(309)] Returning a speculative frame for 128849018946 [30,66]
[0605/223439.421:WARNING:browser_info.cc(309)] Returning a speculative frame for 180388626516 [42,84]
[0605/223439.422:WARNING:browser_info.cc(309)] Returning a speculative frame for 180388626516 [42,84]
[0605/223439.422:WARNING:browser_info.cc(309)] Returning a speculative frame for 180388626516 [42,84]
[0605/223439.422:WARNING:browser_info.cc(309)] Returning a speculative frame for 180388626516 [42,84]
[0605/223439.477:WARNING:browser_info.cc(309)] Returning a speculative frame for 42949673062 [10,102]
[0605/223439.478:WARNING:browser_info.cc(309)] Returning a speculative frame for 42949673062 [10,102]
[0605/223439.479:WARNING:browser_info.cc(309)] Returning a speculative frame for 42949673062 [10,102]
[0605/223439.479:WARNING:browser_info.cc(309)] Returning a speculative frame for 42949673062 [10,102]
[0605/223439.483:WARNING:browser_info.cc(309)] Returning a speculative frame for 193273528409 [45,89]
[0605/223439.485:WARNING:browser_info.cc(309)] Returning a speculative frame for 193273528409 [45,89]
[0605/223439.485:WARNING:browser_info.cc(309)] Returning a speculative frame for 193273528409 [45,89]
[0605/223439.485:WARNING:browser_info.cc(309)] Returning a speculative frame for 193273528409 [45,89]
[0605/223439.492:WARNING:browser_info.cc(309)] Returning a speculative frame for 30064771185 [7,113]
[0605/223439.493:WARNING:browser_info.cc(309)] Returning a speculative frame for 30064771185 [7,113]
[0605/223439.493:WARNING:browser_info.cc(309)] Returning a speculative frame for 30064771185 [7,113]
[0605/223439.494:WARNING:browser_info.cc(309)] Returning a speculative frame for 30064771185 [7,113]
[0605/223439.496:WARNING:browser_info.cc(309)] Returning a speculative frame for 47244640362 [11,106]
[0605/223439.498:WARNING:browser_info.cc(309)] Returning a speculative frame for 47244640362 [11,106]
[0605/223439.499:WARNING:browser_info.cc(309)] Returning a speculative frame for 47244640362 [11,106]
[0605/223439.499:WARNING:browser_info.cc(309)] Returning a speculative frame for 47244640362 [11,106]
[0605/223439.507:WARNING:browser_info.cc(309)] Returning a speculative frame for 188978561110 [44,86]
[0605/223439.507:WARNING:browser_info.cc(309)] Returning a speculative frame for 188978561110 [44,86]
[0605/223439.508:WARNING:browser_info.cc(309)] Returning a speculative frame for 188978561110 [44,86]
[0605/223439.508:WARNING:browser_info.cc(309)] Returning a speculative frame for 188978561110 [44,86]
[0605/223439.533:WARNING:browser_info.cc(309)] Returning a speculative frame for 51539607681 [12,129]
[0605/223439.533:WARNING:browser_info.cc(309)] Returning a speculative frame for 51539607681 [12,129]
[0605/223439.533:WARNING:browser_info.cc(309)] Returning a speculative frame for 51539607681 [12,129]
[0605/223439.533:WARNING:browser_info.cc(309)] Returning a speculative frame for 51539607681 [12,129]
[0605/223439.538:WARNING:browser_info.cc(309)] Returning a speculative frame for 51539607677 [12,125]
[0605/223439.538:WARNING:browser_info.cc(309)] Returning a speculative frame for 51539607677 [12,125]
[0605/223439.538:WARNING:browser_info.cc(309)] Returning a speculative frame for 51539607677 [12,125]
[0605/223439.539:WARNING:browser_info.cc(309)] Returning a speculative frame for 51539607677 [12,125]
[0605/223439.580:WARNING:browser_info.cc(309)] Returning a speculative frame for 137438953541 [32,69]
[0605/223439.581:WARNING:browser_info.cc(309)] Returning a speculative frame for 137438953541 [32,69]
[0605/223439.581:WARNING:browser_info.cc(309)] Returning a speculative frame for 137438953541 [32,69]
[0605/223439.581:WARNING:browser_info.cc(309)] Returning a speculative frame for 137438953541 [32,69]
[0605/223439.591:WARNING:browser_info.cc(309)] Returning a speculative frame for 197568495708 [46,92]
[0605/223439.591:WARNING:browser_info.cc(309)] Returning a speculative frame for 197568495708 [46,92]
[0605/223439.592:WARNING:browser_info.cc(309)] Returning a speculative frame for 197568495708 [46,92]
[0605/223439.592:WARNING:browser_info.cc(309)] Returning a speculative frame for 197568495708 [46,92]
[0605/223439.600:WARNING:browser_info.cc(309)] Returning a speculative frame for 34359738483 [8,115]
[0605/223439.600:WARNING:browser_info.cc(309)] Returning a speculative frame for 34359738483 [8,115]
[0605/223439.600:WARNING:browser_info.cc(309)] Returning a speculative frame for 34359738483 [8,115]
[0605/223439.601:WARNING:browser_info.cc(309)] Returning a speculative frame for 34359738483 [8,115]
[0605/223439.729:WARNING:browser_info.cc(309)] Returning a speculative frame for 64424509562 [15,122]
[0605/223439.730:WARNING:browser_info.cc(309)] Returning a speculative frame for 64424509562 [15,122]
[0605/223439.730:WARNING:browser_info.cc(309)] Returning a speculative frame for 64424509562 [15,122]
[0605/223439.730:WARNING:browser_info.cc(309)] Returning a speculative frame for 64424509562 [15,122]
[0605/223439.737:INFO:CONSOLE(0)] "Mixed Content: The page at 'https://onetag-sys.com/usync/?pubId=5adb88524e24e50' was loaded over HTTPS, but requested an insecure element 'http://sync.adkernel.com/user-sync?zone=175005&r=I-bl1JVDuWYXqrU5YG_whfwCEkjty1ZD_dzI2LIdQGw'. This request was automatically upgraded to HTTPS, For more information see https://blog.chromium.org/2019/10/no-more-mixed-messages-about-https.html", source: https://onetag-sys.com/usync/?pubId=5adb88524e24e50 (0)
[0605/223439.771:WARNING:browser_info.cc(309)] Returning a speculative frame for 64424509570 [15,130]
[0605/223439.771:WARNING:browser_info.cc(309)] Returning a speculative frame for 64424509570 [15,130]
[0605/223439.772:WARNING:browser_info.cc(309)] Returning a speculative frame for 64424509570 [15,130]
[0605/223439.772:WARNING:browser_info.cc(309)] Returning a speculative frame for 64424509570 [15,130]
[0605/223439.776:WARNING:browser_info.cc(309)] Returning a speculative frame for 51539607703 [12,151]
[0605/223439.777:WARNING:browser_info.cc(309)] Returning a speculative frame for 51539607703 [12,151]
[0605/223439.777:WARNING:browser_info.cc(309)] Returning a speculative frame for 51539607703 [12,151]
[0605/223439.777:WARNING:browser_info.cc(309)] Returning a speculative frame for 51539607703 [12,151]
[0605/223439.806:WARNING:browser_info.cc(309)] Returning a speculative frame for 154618822780 [36,124]
[0605/223439.806:WARNING:browser_info.cc(309)] Returning a speculative frame for 154618822780 [36,124]
[0605/223439.806:WARNING:browser_info.cc(309)] Returning a speculative frame for 154618822780 [36,124]
[0605/223439.807:WARNING:browser_info.cc(309)] Returning a speculative frame for 154618822780 [36,124]
[0605/223439.814:WARNING:browser_info.cc(309)] Returning a speculative frame for 167503724622 [39,78]
[0605/223439.814:WARNING:browser_info.cc(309)] Returning a speculative frame for 167503724622 [39,78]
[0605/223439.814:WARNING:browser_info.cc(309)] Returning a speculative frame for 167503724622 [39,78]
[0605/223439.814:WARNING:browser_info.cc(309)] Returning a speculative frame for 167503724622 [39,78]
[0605/223439.855:WARNING:browser_info.cc(309)] Returning a speculative frame for 201863463031 [47,119]
[0605/223439.916:WARNING:browser_info.cc(309)] Returning a speculative frame for 51539607709 [12,157]
[0605/223439.920:WARNING:browser_info.cc(309)] Returning a speculative frame for 51539607709 [12,157]
[0605/223439.921:WARNING:browser_info.cc(309)] Returning a speculative frame for 51539607709 [12,157]
[0605/223439.922:WARNING:browser_info.cc(309)] Returning a speculative frame for 51539607709 [12,157]
[0605/223439.938:WARNING:browser_info.cc(309)] Returning a speculative frame for 184683593853 [43,125]
[0605/223439.939:WARNING:browser_info.cc(309)] Returning a speculative frame for 184683593853 [43,125]
[0605/223439.940:WARNING:browser_info.cc(309)] Returning a speculative frame for 184683593853 [43,125]
[0605/223439.941:WARNING:browser_info.cc(309)] Returning a speculative frame for 184683593853 [43,125]
[0605/223439.959:WARNING:browser_info.cc(309)] Returning a speculative frame for 176093659269 [41,133]
[0605/223439.960:WARNING:browser_info.cc(309)] Returning a speculative frame for 176093659269 [41,133]
[0605/223439.960:WARNING:browser_info.cc(309)] Returning a speculative frame for 176093659269 [41,133]
[0605/223439.960:WARNING:browser_info.cc(309)] Returning a speculative frame for 176093659269 [41,133]
[0605/223440.037:WARNING:browser_info.cc(309)] Returning a speculative frame for 90194313347 [21,131]
[0605/223440.038:WARNING:browser_info.cc(309)] Returning a speculative frame for 90194313347 [21,131]
[0605/223440.038:WARNING:browser_info.cc(309)] Returning a speculative frame for 90194313347 [21,131]
[0605/223440.038:WARNING:browser_info.cc(309)] Returning a speculative frame for 90194313347 [21,131]
[0605/223440.046:WARNING:browser_info.cc(309)] Returning a speculative frame for 42949673110 [10,150]
[0605/223440.046:WARNING:browser_info.cc(309)] Returning a speculative frame for 42949673110 [10,150]
[0605/223440.046:WARNING:browser_info.cc(309)] Returning a speculative frame for 42949673110 [10,150]
[0605/223440.046:WARNING:browser_info.cc(309)] Returning a speculative frame for 42949673110 [10,150]
[0605/223440.058:WARNING:browser_info.cc(309)] Returning a speculative frame for 34359738520 [8,152]
[0605/223440.061:WARNING:browser_info.cc(309)] Returning a speculative frame for 34359738520 [8,152]
[0605/223440.063:WARNING:browser_info.cc(309)] Returning a speculative frame for 34359738520 [8,152]
[0605/223440.063:WARNING:browser_info.cc(309)] Returning a speculative frame for 34359738520 [8,152]
[0605/223440.067:WARNING:browser_info.cc(309)] Returning a speculative frame for 214748364925 [50,125]
[0605/223440.069:WARNING:browser_info.cc(309)] Returning a speculative frame for 206158430329 [48,121]
[0605/223440.104:WARNING:browser_info.cc(309)] Returning a speculative frame for 210453397626 [49,122]
[0605/223440.106:WARNING:browser_info.cc(309)] Returning a speculative frame for 219043332222 [51,126]
[0605/223440.125:INFO:CONSOLE(2495)] "ft_dv:  %5B%25ft_dv%25%5D", source: https://cdn.flashtalking.com/xre/460/4607578/4198742/js/j-4607578-4198742.js (2495)
[0605/223440.181:WARNING:browser_info.cc(309)] Returning a speculative frame for 81604378768 [19,144]
[0605/223440.193:WARNING:browser_info.cc(309)] Returning a speculative frame for 223338299520 [52,128]
[0605/223440.217:WARNING:browser_info.cc(309)] Returning a speculative frame for 81604378768 [19,144]
[0605/223440.224:WARNING:frame_impl.cc(420)] SendProcessMessage sent to detached frame 25769803950 [6,174] will be ignored
[0605/223440.224:WARNING:frame_impl.cc(420)] SendProcessMessage sent to detached frame 25769803950 [6,174] will be ignored
[0605/223440.218:WARNING:browser_info.cc(309)] Returning a speculative frame for 81604378768 [19,144]
[0605/223440.225:WARNING:browser_info.cc(309)] Returning a speculative frame for 81604378768 [19,144]
[0605/223440.298:WARNING:browser_info.cc(309)] Returning a speculative frame for 47244640406 [11,150]
[0605/223440.304:WARNING:browser_info.cc(309)] Returning a speculative frame for 47244640406 [11,150]
[0605/223440.306:WARNING:browser_info.cc(309)] Returning a speculative frame for 47244640406 [11,150]
[0605/223440.317:WARNING:browser_info.cc(309)] Returning a speculative frame for 47244640406 [11,150]
[0605/223440.349:WARNING:browser_info.cc(309)] Returning a speculative frame for 34359738526 [8,158]
[0605/223440.355:WARNING:browser_info.cc(309)] Returning a speculative frame for 34359738526 [8,158]
[0605/223440.355:WARNING:browser_info.cc(309)] Returning a speculative frame for 34359738526 [8,158]
[0605/223440.356:WARNING:browser_info.cc(309)] Returning a speculative frame for 34359738526 [8,158]
[0605/223440.357:WARNING:browser_info.cc(309)] Returning a speculative frame for 236223201417 [55,137]
[0605/223440.358:WARNING:browser_info.cc(309)] Returning a speculative frame for 236223201417 [55,137]
[0605/223440.360:WARNING:browser_info.cc(309)] Returning a speculative frame for 236223201417 [55,137]
[0605/223440.362:WARNING:browser_info.cc(309)] Returning a speculative frame for 236223201417 [55,137]
[0605/223440.364:WARNING:browser_info.cc(309)] Returning a speculative frame for 51539607731 [12,179]
[0605/223440.368:WARNING:browser_info.cc(309)] Returning a speculative frame for 51539607731 [12,179]
[0605/223440.369:WARNING:browser_info.cc(309)] Returning a speculative frame for 51539607731 [12,179]
[0605/223440.370:WARNING:browser_info.cc(309)] Returning a speculative frame for 51539607731 [12,179]
[0605/223440.372:WARNING:browser_info.cc(309)] Returning a speculative frame for 240518168715 [56,139]
[0605/223440.372:WARNING:browser_info.cc(309)] Returning a speculative frame for 240518168715 [56,139]
[0605/223440.373:WARNING:browser_info.cc(309)] Returning a speculative frame for 240518168715 [56,139]
[0605/223440.373:WARNING:browser_info.cc(309)] Returning a speculative frame for 240518168715 [56,139]
[0605/223440.376:WARNING:browser_info.cc(309)] Returning a speculative frame for 227633266820 [53,132]
[0605/223440.382:WARNING:browser_info.cc(309)] Returning a speculative frame for 227633266820 [53,132]
[0605/223440.382:WARNING:browser_info.cc(309)] Returning a speculative frame for 227633266820 [53,132]
[0605/223440.383:WARNING:browser_info.cc(309)] Returning a speculative frame for 227633266820 [53,132]
[0605/223440.383:WARNING:browser_info.cc(309)] Returning a speculative frame for 236223201417 [55,137]
[0605/223440.384:WARNING:browser_info.cc(309)] Returning a speculative frame for 64424509600 [15,160]
[0605/223440.387:WARNING:browser_info.cc(309)] Returning a speculative frame for 64424509600 [15,160]
[0605/223440.391:WARNING:browser_info.cc(309)] Returning a speculative frame for 64424509600 [15,160]
[0605/223440.394:WARNING:browser_info.cc(309)] Returning a speculative frame for 64424509600 [15,160]
[0605/223440.404:WARNING:browser_info.cc(309)] Returning a speculative frame for 231928234120 [54,136]
[0605/223440.424:WARNING:browser_info.cc(309)] Returning a speculative frame for 227633266820 [53,132]
[0605/223440.428:WARNING:browser_info.cc(309)] Returning a speculative frame for 231928234120 [54,136]
[0605/223440.507:WARNING:browser_info.cc(309)] Returning a speculative frame for 249108103309 [58,141]
[0605/223440.529:WARNING:browser_info.cc(309)] Returning a speculative frame for 244813136011 [57,139]
[0605/223440.532:WARNING:browser_info.cc(309)] Returning a speculative frame for 240518168715 [56,139]
[0605/223440.553:WARNING:browser_info.cc(309)] Returning a speculative frame for 51539607740 [12,188]
[0605/223440.554:WARNING:browser_info.cc(309)] Returning a speculative frame for 51539607740 [12,188]
[0605/223440.555:WARNING:browser_info.cc(309)] Returning a speculative frame for 51539607740 [12,188]
[0605/223440.555:WARNING:browser_info.cc(309)] Returning a speculative frame for 51539607740 [12,188]
[0605/223440.560:WARNING:browser_info.cc(309)] Returning a speculative frame for 51539607744 [12,192]
[0605/223440.560:WARNING:browser_info.cc(309)] Returning a speculative frame for 51539607744 [12,192]
[0605/223440.561:WARNING:browser_info.cc(309)] Returning a speculative frame for 51539607744 [12,192]
[0605/223440.561:WARNING:browser_info.cc(309)] Returning a speculative frame for 51539607744 [12,192]
[0605/223440.659:WARNING:browser_info.cc(309)] Returning a speculative frame for 51539607758 [12,206]
[0605/223440.670:WARNING:browser_info.cc(309)] Returning a speculative frame for 51539607758 [12,206]
[0605/223440.671:WARNING:browser_info.cc(309)] Returning a speculative frame for 51539607758 [12,206]
[0605/223440.672:WARNING:browser_info.cc(309)] Returning a speculative frame for 51539607758 [12,206]
[0605/223440.808:WARNING:browser_info.cc(309)] Returning a speculative frame for 253403070626 [59,162]
[0605/223440.823:WARNING:browser_info.cc(309)] Returning a speculative frame for 81604378808 [19,184]
[0605/223440.823:WARNING:browser_info.cc(309)] Returning a speculative frame for 81604378808 [19,184]
[0605/223440.824:WARNING:browser_info.cc(309)] Returning a speculative frame for 81604378808 [19,184]
[0605/223440.824:WARNING:browser_info.cc(309)] Returning a speculative frame for 81604378808 [19,184]
[0605/223440.833:WARNING:browser_info.cc(309)] Returning a speculative frame for 51539607780 [12,228]
[0605/223440.835:WARNING:browser_info.cc(309)] Returning a speculative frame for 51539607780 [12,228]
[0605/223440.835:WARNING:browser_info.cc(309)] Returning a speculative frame for 51539607780 [12,228]
[0605/223440.835:WARNING:browser_info.cc(309)] Returning a speculative frame for 51539607780 [12,228]
[0605/223440.842:WARNING:browser_info.cc(309)] Returning a speculative frame for 253403070626 [59,162]
[0605/223440.843:WARNING:browser_info.cc(309)] Returning a speculative frame for 253403070626 [59,162]
[0605/223440.843:WARNING:browser_info.cc(309)] Returning a speculative frame for 253403070626 [59,162]
[0605/223440.844:WARNING:browser_info.cc(309)] Returning a speculative frame for 253403070626 [59,162]
[0605/223440.873:WARNING:browser_info.cc(309)] Returning a speculative frame for 244813136011 [57,139]
[0605/223440.874:WARNING:browser_info.cc(309)] Returning a speculative frame for 244813136011 [57,139]
[0605/223440.874:WARNING:browser_info.cc(309)] Returning a speculative frame for 244813136011 [57,139]
[0605/223440.874:WARNING:browser_info.cc(309)] Returning a speculative frame for 244813136011 [57,139]
[0605/223440.877:WARNING:browser_info.cc(309)] Returning a speculative frame for 244813136048 [57,176]
[0605/223440.878:WARNING:browser_info.cc(309)] Returning a speculative frame for 244813136048 [57,176]
[0605/223440.879:WARNING:browser_info.cc(309)] Returning a speculative frame for 244813136048 [57,176]
[0605/223440.879:WARNING:browser_info.cc(309)] Returning a speculative frame for 244813136048 [57,176]
[0605/223440.893:WARNING:browser_info.cc(309)] Returning a speculative frame for 249108103309 [58,141]
[0605/223440.894:WARNING:browser_info.cc(309)] Returning a speculative frame for 249108103309 [58,141]
[0605/223440.895:WARNING:browser_info.cc(309)] Returning a speculative frame for 249108103309 [58,141]
[0605/223440.895:WARNING:browser_info.cc(309)] Returning a speculative frame for 249108103309 [58,141]
[0605/223440.896:WARNING:browser_info.cc(309)] Returning a speculative frame for 64424509630 [15,190]
[0605/223440.896:WARNING:browser_info.cc(309)] Returning a speculative frame for 64424509630 [15,190]
[0605/223440.897:WARNING:browser_info.cc(309)] Returning a speculative frame for 64424509630 [15,190]
[0605/223440.897:WARNING:browser_info.cc(309)] Returning a speculative frame for 64424509630 [15,190]
[0605/223440.904:WARNING:browser_info.cc(309)] Returning a speculative frame for 34359738561 [8,193]
[0605/223440.906:WARNING:browser_info.cc(309)] Returning a speculative frame for 34359738561 [8,193]
[0605/223440.913:WARNING:browser_info.cc(309)] Returning a speculative frame for 34359738561 [8,193]
[0605/223440.920:WARNING:browser_info.cc(309)] Returning a speculative frame for 34359738561 [8,193]
[0605/223440.922:WARNING:browser_info.cc(309)] Returning a speculative frame for 47244640448 [11,192]
[0605/223440.923:WARNING:browser_info.cc(309)] Returning a speculative frame for 47244640448 [11,192]
[0605/223440.924:WARNING:browser_info.cc(309)] Returning a speculative frame for 47244640448 [11,192]
[0605/223440.924:WARNING:browser_info.cc(309)] Returning a speculative frame for 47244640448 [11,192]
[0605/223440.924:WARNING:browser_info.cc(309)] Returning a speculative frame for 266287972518 [62,166]
[0605/223440.926:WARNING:browser_info.cc(309)] Returning a speculative frame for 236223201455 [55,175]
[0605/223440.927:WARNING:browser_info.cc(309)] Returning a speculative frame for 236223201455 [55,175]
[0605/223440.928:WARNING:browser_info.cc(309)] Returning a speculative frame for 236223201455 [55,175]
[0605/223440.928:WARNING:browser_info.cc(309)] Returning a speculative frame for 236223201455 [55,175]
[0605/223440.929:WARNING:browser_info.cc(309)] Returning a speculative frame for 261993005221 [61,165]
[0605/223440.930:WARNING:browser_info.cc(309)] Returning a speculative frame for 249108103347 [58,179]
[0605/223440.937:WARNING:browser_info.cc(309)] Returning a speculative frame for 249108103347 [58,179]
[0605/223440.938:WARNING:browser_info.cc(309)] Returning a speculative frame for 249108103347 [58,179]
[0605/223440.939:WARNING:browser_info.cc(309)] Returning a speculative frame for 249108103347 [58,179]
[0605/223440.956:WARNING:browser_info.cc(309)] Returning a speculative frame for 231928234152 [54,168]
[0605/223440.967:WARNING:browser_info.cc(309)] Returning a speculative frame for 257698037923 [60,163]
[0605/223440.974:WARNING:browser_info.cc(309)] Returning a speculative frame for 249108103355 [58,187]
[0605/223440.974:WARNING:browser_info.cc(309)] Returning a speculative frame for 249108103355 [58,187]
[0605/223440.974:WARNING:browser_info.cc(309)] Returning a speculative frame for 249108103355 [58,187]
[0605/223440.975:WARNING:browser_info.cc(309)] Returning a speculative frame for 249108103355 [58,187]
[0605/223440.977:WARNING:browser_info.cc(309)] Returning a speculative frame for 253403070640 [59,176]
[0605/223440.977:WARNING:browser_info.cc(309)] Returning a speculative frame for 253403070640 [59,176]
[0605/223440.977:WARNING:browser_info.cc(309)] Returning a speculative frame for 253403070640 [59,176]
[0605/223440.978:WARNING:browser_info.cc(309)] Returning a speculative frame for 253403070640 [59,176]
[0605/223440.982:WARNING:browser_info.cc(309)] Returning a speculative frame for 51539607785 [12,233]
[0605/223440.983:WARNING:browser_info.cc(309)] Returning a speculative frame for 51539607785 [12,233]
[0605/223440.983:WARNING:browser_info.cc(309)] Returning a speculative frame for 51539607785 [12,233]
[0605/223440.983:WARNING:browser_info.cc(309)] Returning a speculative frame for 51539607785 [12,233]
[0605/223440.986:WARNING:browser_info.cc(309)] Returning a speculative frame for 81604378825 [19,201]
[0605/223440.986:WARNING:browser_info.cc(309)] Returning a speculative frame for 81604378825 [19,201]
[0605/223440.987:WARNING:browser_info.cc(309)] Returning a speculative frame for 81604378825 [19,201]
[0605/223440.987:WARNING:browser_info.cc(309)] Returning a speculative frame for 81604378825 [19,201]
[0605/223440.991:WARNING:browser_info.cc(309)] Returning a speculative frame for 244813136066 [57,194]
[0605/223440.991:WARNING:browser_info.cc(309)] Returning a speculative frame for 244813136066 [57,194]
[0605/223440.991:WARNING:browser_info.cc(309)] Returning a speculative frame for 244813136066 [57,194]
[0605/223440.991:WARNING:browser_info.cc(309)] Returning a speculative frame for 244813136066 [57,194]
[0605/223440.997:WARNING:browser_info.cc(309)] Returning a speculative frame for 47244640460 [11,204]
[0605/223441.000:WARNING:browser_info.cc(309)] Returning a speculative frame for 47244640460 [11,204]
[0605/223441.000:WARNING:browser_info.cc(309)] Returning a speculative frame for 47244640460 [11,204]
[0605/223441.000:WARNING:browser_info.cc(309)] Returning a speculative frame for 47244640460 [11,204]
[0605/223441.005:WARNING:browser_info.cc(309)] Returning a speculative frame for 64424509644 [15,204]
[0605/223441.005:WARNING:browser_info.cc(309)] Returning a speculative frame for 64424509644 [15,204]
[0605/223441.006:WARNING:browser_info.cc(309)] Returning a speculative frame for 64424509644 [15,204]
[0605/223441.006:WARNING:browser_info.cc(309)] Returning a speculative frame for 64424509644 [15,204]
[0605/223441.007:WARNING:browser_info.cc(309)] Returning a speculative frame for 236223201469 [55,189]
[0605/223441.008:WARNING:browser_info.cc(309)] Returning a speculative frame for 236223201469 [55,189]
[0605/223441.008:WARNING:browser_info.cc(309)] Returning a speculative frame for 236223201469 [55,189]
[0605/223441.008:WARNING:browser_info.cc(309)] Returning a speculative frame for 236223201469 [55,189]
[0605/223441.019:WARNING:browser_info.cc(309)] Returning a speculative frame for 34359738584 [8,216]
[0605/223441.019:WARNING:browser_info.cc(309)] Returning a speculative frame for 34359738584 [8,216]
[0605/223441.019:WARNING:browser_info.cc(309)] Returning a speculative frame for 34359738584 [8,216]
[0605/223441.020:WARNING:browser_info.cc(309)] Returning a speculative frame for 34359738584 [8,216]
[0605/223441.045:WARNING:browser_info.cc(309)] Returning a speculative frame for 47244640444 [11,188]
[0605/223441.045:WARNING:browser_info.cc(309)] Returning a speculative frame for 47244640444 [11,188]
[0605/223441.046:WARNING:browser_info.cc(309)] Returning a speculative frame for 47244640444 [11,188]
[0605/223441.046:WARNING:browser_info.cc(309)] Returning a speculative frame for 47244640444 [11,188]
[0605/223441.060:WARNING:browser_info.cc(309)] Returning a speculative frame for 231928234176 [54,192]
[0605/223441.066:WARNING:browser_info.cc(309)] Returning a speculative frame for 167503724665 [39,121]
[0605/223441.067:WARNING:browser_info.cc(309)] Returning a speculative frame for 167503724665 [39,121]
[0605/223441.067:WARNING:browser_info.cc(309)] Returning a speculative frame for 167503724665 [39,121]
[0605/223441.068:WARNING:browser_info.cc(309)] Returning a speculative frame for 167503724665 [39,121]
[0605/223441.120:WARNING:browser_info.cc(309)] Returning a speculative frame for 47244640469 [11,213]
[0605/223441.121:WARNING:browser_info.cc(309)] Returning a speculative frame for 47244640469 [11,213]
[0605/223441.121:WARNING:browser_info.cc(309)] Returning a speculative frame for 47244640469 [11,213]
[0605/223441.122:WARNING:browser_info.cc(309)] Returning a speculative frame for 47244640469 [11,213]
[0605/223441.141:WARNING:browser_info.cc(309)] Returning a speculative frame for 51539607796 [12,244]
[0605/223441.141:WARNING:browser_info.cc(309)] Returning a speculative frame for 51539607796 [12,244]
[0605/223441.141:WARNING:browser_info.cc(309)] Returning a speculative frame for 51539607796 [12,244]
[0605/223441.141:WARNING:browser_info.cc(309)] Returning a speculative frame for 51539607796 [12,244]
[0605/223441.350:WARNING:browser_info.cc(309)] Returning a speculative frame for 270582939843 [63,195]
[0605/223441.372:WARNING:browser_info.cc(309)] Returning a speculative frame for 51539607802 [12,250]
[0605/223441.373:WARNING:browser_info.cc(309)] Returning a speculative frame for 51539607802 [12,250]
[0605/223441.374:WARNING:browser_info.cc(309)] Returning a speculative frame for 51539607802 [12,250]
[0605/223441.374:WARNING:browser_info.cc(309)] Returning a speculative frame for 51539607802 [12,250]
[0605/223441.385:WARNING:browser_info.cc(309)] Returning a speculative frame for 51539607805 [12,253]
[0605/223441.387:WARNING:browser_info.cc(309)] Returning a speculative frame for 51539607805 [12,253]
[0605/223441.388:WARNING:browser_info.cc(309)] Returning a speculative frame for 51539607805 [12,253]
[0605/223441.388:WARNING:browser_info.cc(309)] Returning a speculative frame for 51539607805 [12,253]
[0605/223441.421:WARNING:browser_info.cc(309)] Returning a speculative frame for 51539607810 [12,258]
[0605/223441.423:WARNING:browser_info.cc(309)] Returning a speculative frame for 51539607810 [12,258]
[0605/223441.423:WARNING:browser_info.cc(309)] Returning a speculative frame for 51539607810 [12,258]
[0605/223441.423:WARNING:browser_info.cc(309)] Returning a speculative frame for 51539607810 [12,258]
[0605/223441.427:WARNING:browser_info.cc(309)] Returning a speculative frame for 103079215315 [24,211]
[0605/223441.427:WARNING:browser_info.cc(309)] Returning a speculative frame for 103079215315 [24,211]
[0605/223441.427:WARNING:browser_info.cc(309)] Returning a speculative frame for 103079215315 [24,211]
[0605/223441.428:WARNING:browser_info.cc(309)] Returning a speculative frame for 103079215315 [24,211]
[0605/223441.440:WARNING:browser_info.cc(309)] Returning a speculative frame for 51539607822 [12,270]
[0605/223441.441:WARNING:browser_info.cc(309)] Returning a speculative frame for 51539607822 [12,270]
[0605/223441.441:WARNING:browser_info.cc(309)] Returning a speculative frame for 51539607822 [12,270]
[0605/223441.441:WARNING:browser_info.cc(309)] Returning a speculative frame for 51539607822 [12,270]
[0605/223441.445:WARNING:browser_info.cc(309)] Returning a speculative frame for 51539607825 [12,273]
[0605/223441.449:WARNING:browser_info.cc(309)] Returning a speculative frame for 274877907140 [64,196]
[0605/223441.452:WARNING:browser_info.cc(309)] Returning a speculative frame for 51539607825 [12,273]
[0605/223441.452:WARNING:browser_info.cc(309)] Returning a speculative frame for 51539607825 [12,273]
[0605/223441.453:WARNING:browser_info.cc(309)] Returning a speculative frame for 51539607825 [12,273]
[0605/223441.460:WARNING:browser_info.cc(309)] Returning a speculative frame for 279172874439 [65,199]
[0605/223441.481:WARNING:browser_info.cc(309)] Returning a speculative frame for 184683593931 [43,203]
[0605/223441.482:WARNING:browser_info.cc(309)] Returning a speculative frame for 184683593931 [43,203]
[0605/223441.482:WARNING:browser_info.cc(309)] Returning a speculative frame for 184683593931 [43,203]
[0605/223441.482:WARNING:browser_info.cc(309)] Returning a speculative frame for 184683593931 [43,203]
[0605/223441.491:WARNING:browser_info.cc(309)] Returning a speculative frame for 47244640493 [11,237]
[0605/223441.491:WARNING:browser_info.cc(309)] Returning a speculative frame for 283467841736 [66,200]
[0605/223441.491:WARNING:browser_info.cc(309)] Returning a speculative frame for 47244640493 [11,237]
[0605/223441.491:WARNING:browser_info.cc(309)] Returning a speculative frame for 47244640493 [11,237]
[0605/223441.491:WARNING:browser_info.cc(309)] Returning a speculative frame for 47244640493 [11,237]
[0605/223441.504:WARNING:browser_info.cc(309)] Returning a speculative frame for 176093659347 [41,211]
[0605/223441.505:WARNING:browser_info.cc(309)] Returning a speculative frame for 176093659347 [41,211]
[0605/223441.505:WARNING:browser_info.cc(309)] Returning a speculative frame for 176093659347 [41,211]
[0605/223441.505:WARNING:browser_info.cc(309)] Returning a speculative frame for 176093659347 [41,211]
[0605/223441.520:WARNING:browser_info.cc(309)] Returning a speculative frame for 287762809034 [67,202]
[0605/223441.553:WARNING:frame_impl.cc(420)] SendProcessMessage sent to detached frame 64424509562 [15,122] will be ignored
[0605/223441.561:WARNING:browser_info.cc(309)] Returning a speculative frame for 42949673188 [10,228]
[0605/223441.562:WARNING:browser_info.cc(309)] Returning a speculative frame for 42949673188 [10,228]
[0605/223441.562:WARNING:browser_info.cc(309)] Returning a speculative frame for 42949673188 [10,228]
[0605/223441.562:WARNING:browser_info.cc(309)] Returning a speculative frame for 42949673188 [10,228]
[0605/223441.603:WARNING:browser_info.cc(309)] Returning a speculative frame for 292057776334 [68,206]
[0605/223441.638:WARNING:browser_info.cc(309)] Returning a speculative frame for 292057776334 [68,206]
[0605/223441.638:WARNING:browser_info.cc(309)] Returning a speculative frame for 292057776334 [68,206]
[0605/223441.638:WARNING:browser_info.cc(309)] Returning a speculative frame for 292057776334 [68,206]
[0605/223441.638:WARNING:browser_info.cc(309)] Returning a speculative frame for 292057776334 [68,206]
[0605/223441.678:WARNING:browser_info.cc(309)] Returning a speculative frame for 47244640501 [11,245]
[0605/223441.679:WARNING:browser_info.cc(309)] Returning a speculative frame for 47244640501 [11,245]
[0605/223441.679:WARNING:browser_info.cc(309)] Returning a speculative frame for 47244640501 [11,245]
[0605/223441.679:WARNING:browser_info.cc(309)] Returning a speculative frame for 47244640501 [11,245]
[0605/223441.691:WARNING:browser_info.cc(309)] Returning a speculative frame for 90194313425 [21,209]
[0605/223441.692:WARNING:browser_info.cc(309)] Returning a speculative frame for 90194313425 [21,209]
[0605/223441.692:WARNING:browser_info.cc(309)] Returning a speculative frame for 90194313425 [21,209]
[0605/223441.692:WARNING:browser_info.cc(309)] Returning a speculative frame for 90194313425 [21,209]
[0605/223441.694:WARNING:browser_info.cc(309)] Returning a speculative frame for 47244640504 [11,248]
[0605/223441.694:WARNING:browser_info.cc(309)] Returning a speculative frame for 47244640504 [11,248]
[0605/223441.694:WARNING:browser_info.cc(309)] Returning a speculative frame for 47244640504 [11,248]
[0605/223441.695:WARNING:browser_info.cc(309)] Returning a speculative frame for 47244640504 [11,248]
[0605/223441.734:WARNING:browser_info.cc(309)] Returning a speculative frame for 296352743635 [69,211]
[0605/223441.734:WARNING:browser_info.cc(309)] Returning a speculative frame for 296352743635 [69,211]
[0605/223441.735:WARNING:browser_info.cc(309)] Returning a speculative frame for 296352743635 [69,211]
[0605/223441.735:WARNING:browser_info.cc(309)] Returning a speculative frame for 296352743635 [69,211]
[0605/223441.737:WARNING:browser_info.cc(309)] Returning a speculative frame for 167503724773 [39,229]
[0605/223441.737:WARNING:browser_info.cc(309)] Returning a speculative frame for 167503724773 [39,229]
[0605/223441.737:WARNING:browser_info.cc(309)] Returning a speculative frame for 167503724773 [39,229]
[0605/223441.738:WARNING:browser_info.cc(309)] Returning a speculative frame for 167503724773 [39,229]
[0605/223441.740:WARNING:browser_info.cc(309)] Returning a speculative frame for 47244640508 [11,252]
[0605/223441.741:WARNING:browser_info.cc(309)] Returning a speculative frame for 47244640508 [11,252]
[0605/223441.741:WARNING:browser_info.cc(309)] Returning a speculative frame for 47244640508 [11,252]
[0605/223441.741:WARNING:browser_info.cc(309)] Returning a speculative frame for 47244640508 [11,252]
[0605/223441.757:WARNING:browser_info.cc(309)] Returning a speculative frame for 47244640511 [11,255]
[0605/223441.757:WARNING:browser_info.cc(309)] Returning a speculative frame for 47244640511 [11,255]
[0605/223441.757:WARNING:browser_info.cc(309)] Returning a speculative frame for 47244640511 [11,255]
[0605/223441.757:WARNING:browser_info.cc(309)] Returning a speculative frame for 47244640511 [11,255]
[0605/223441.779:WARNING:browser_info.cc(309)] Returning a speculative frame for 296352743635 [69,211]
[0605/223442.004:WARNING:browser_info.cc(309)] Returning a speculative frame for 300647710932 [70,212]
[0605/223442.088:WARNING:browser_info.cc(309)] Returning a speculative frame for 300647710932 [70,212]
[0605/223442.088:WARNING:browser_info.cc(309)] Returning a speculative frame for 300647710932 [70,212]
[0605/223442.089:WARNING:browser_info.cc(309)] Returning a speculative frame for 300647710932 [70,212]
[0605/223442.089:WARNING:browser_info.cc(309)] Returning a speculative frame for 300647710932 [70,212]
[0605/223442.090:WARNING:browser_info.cc(309)] Returning a speculative frame for 300647710935 [70,215]
[0605/223442.091:WARNING:browser_info.cc(309)] Returning a speculative frame for 300647710935 [70,215]
[0605/223442.091:WARNING:browser_info.cc(309)] Returning a speculative frame for 300647710935 [70,215]
[0605/223442.091:WARNING:browser_info.cc(309)] Returning a speculative frame for 300647710935 [70,215]
[0605/223442.132:WARNING:browser_info.cc(309)] Returning a speculative frame for 300647710939 [70,219]
[0605/223442.132:WARNING:browser_info.cc(309)] Returning a speculative frame for 300647710939 [70,219]
[0605/223442.132:WARNING:browser_info.cc(309)] Returning a speculative frame for 300647710939 [70,219]
[0605/223442.132:WARNING:browser_info.cc(309)] Returning a speculative frame for 300647710939 [70,219]
[0605/223442.150:WARNING:frame_impl.cc(420)] SendProcessMessage sent to detached frame 300647710937 [70,217] will be ignored
[0605/223442.150:WARNING:frame_impl.cc(420)] SendProcessMessage sent to detached frame 300647710937 [70,217] will be ignored
[0605/223442.152:WARNING:frame_impl.cc(420)] SendProcessMessage sent to detached frame 300647710941 [70,221] will be ignored
[0605/223442.152:WARNING:frame_impl.cc(420)] SendProcessMessage sent to detached frame 300647710941 [70,221] will be ignored
[0605/223442.307:WARNING:browser_info.cc(309)] Returning a speculative frame for 51539607847 [12,295]
[0605/223442.308:WARNING:browser_info.cc(309)] Returning a speculative frame for 51539607847 [12,295]
[0605/223442.308:WARNING:browser_info.cc(309)] Returning a speculative frame for 51539607847 [12,295]
[0605/223442.308:WARNING:browser_info.cc(309)] Returning a speculative frame for 51539607847 [12,295]
[0605/223442.329:WARNING:browser_info.cc(309)] Returning a speculative frame for 51539607850 [12,298]
[0605/223442.329:WARNING:browser_info.cc(309)] Returning a speculative frame for 51539607850 [12,298]
[0605/223442.330:WARNING:browser_info.cc(309)] Returning a speculative frame for 51539607850 [12,298]
[0605/223442.330:WARNING:browser_info.cc(309)] Returning a speculative frame for 51539607850 [12,298]
[0605/223442.351:WARNING:browser_info.cc(309)] Returning a speculative frame for 304942678235 [71,219]
[0605/223442.356:WARNING:frame_impl.cc(420)] SendProcessMessage sent to detached frame 300647710944 [70,224] will be ignored
[0605/223442.357:WARNING:frame_impl.cc(420)] SendProcessMessage sent to detached frame 300647710944 [70,224] will be ignored
[0605/223442.360:WARNING:frame_impl.cc(420)] SendProcessMessage sent to detached frame 300647710945 [70,225] will be ignored
[0605/223442.361:WARNING:frame_impl.cc(420)] SendProcessMessage sent to detached frame 300647710945 [70,225] will be ignored
[0605/223442.381:WARNING:frame_impl.cc(420)] SendProcessMessage sent to detached frame 300647710948 [70,228] will be ignored
[0605/223442.381:WARNING:frame_impl.cc(420)] SendProcessMessage sent to detached frame 300647710948 [70,228] will be ignored
[0605/223442.393:WARNING:frame_impl.cc(420)] SendProcessMessage sent to detached frame 300647710949 [70,229] will be ignored
[0605/223442.395:WARNING:frame_impl.cc(420)] SendProcessMessage sent to detached frame 300647710949 [70,229] will be ignored
[0605/223442.403:WARNING:browser_info.cc(309)] Returning a speculative frame for 51539607859 [12,307]
[0605/223442.403:WARNING:browser_info.cc(309)] Returning a speculative frame for 51539607859 [12,307]
[0605/223442.403:WARNING:browser_info.cc(309)] Returning a speculative frame for 51539607859 [12,307]
[0605/223442.404:WARNING:browser_info.cc(309)] Returning a speculative frame for 51539607859 [12,307]
[0605/223442.430:WARNING:browser_info.cc(309)] Returning a speculative frame for 304942678235 [71,219]
[0605/223442.430:WARNING:browser_info.cc(309)] Returning a speculative frame for 304942678235 [71,219]
[0605/223442.430:WARNING:browser_info.cc(309)] Returning a speculative frame for 304942678235 [71,219]
[0605/223442.431:WARNING:browser_info.cc(309)] Returning a speculative frame for 304942678235 [71,219]
[0605/223442.510:WARNING:browser_info.cc(309)] Returning a speculative frame for 304942678238 [71,222]
[0605/223442.510:WARNING:browser_info.cc(309)] Returning a speculative frame for 304942678238 [71,222]
[0605/223442.510:WARNING:browser_info.cc(309)] Returning a speculative frame for 304942678238 [71,222]
[0605/223442.511:WARNING:browser_info.cc(309)] Returning a speculative frame for 304942678238 [71,222]
[0605/223442.584:WARNING:browser_info.cc(309)] Returning a speculative frame for 304942678244 [71,228]
[0605/223442.585:WARNING:browser_info.cc(309)] Returning a speculative frame for 304942678244 [71,228]
[0605/223442.585:WARNING:browser_info.cc(309)] Returning a speculative frame for 304942678244 [71,228]
[0605/223442.585:WARNING:browser_info.cc(309)] Returning a speculative frame for 304942678244 [71,228]
[0605/223442.588:WARNING:browser_info.cc(309)] Returning a speculative frame for 103079215351 [24,247]
[0605/223442.588:WARNING:browser_info.cc(309)] Returning a speculative frame for 103079215351 [24,247]
[0605/223442.589:WARNING:browser_info.cc(309)] Returning a speculative frame for 103079215351 [24,247]
[0605/223442.589:WARNING:browser_info.cc(309)] Returning a speculative frame for 103079215351 [24,247]
[0605/223442.748:WARNING:browser_info.cc(309)] Returning a speculative frame for 94489280753 [22,241]
[0605/223442.749:WARNING:browser_info.cc(309)] Returning a speculative frame for 94489280753 [22,241]
[0605/223442.750:WARNING:browser_info.cc(309)] Returning a speculative frame for 94489280753 [22,241]
[0605/223442.750:WARNING:browser_info.cc(309)] Returning a speculative frame for 94489280753 [22,241]
[0605/223442.845:WARNING:browser_info.cc(309)] Returning a speculative frame for 47244640530 [11,274]
[0605/223442.845:WARNING:browser_info.cc(309)] Returning a speculative frame for 47244640530 [11,274]
[0605/223442.845:WARNING:browser_info.cc(309)] Returning a speculative frame for 47244640530 [11,274]
[0605/223442.845:WARNING:browser_info.cc(309)] Returning a speculative frame for 47244640530 [11,274]
[0605/223442.928:WARNING:browser_info.cc(309)] Returning a speculative frame for 197568495859 [46,243]
[0605/223442.928:WARNING:browser_info.cc(309)] Returning a speculative frame for 197568495859 [46,243]
[0605/223442.929:WARNING:browser_info.cc(309)] Returning a speculative frame for 197568495859 [46,243]
[0605/223442.929:WARNING:browser_info.cc(309)] Returning a speculative frame for 197568495859 [46,243]
[0605/223442.943:WARNING:browser_info.cc(309)] Returning a speculative frame for 292057776360 [68,232]
[0605/223442.943:WARNING:browser_info.cc(309)] Returning a speculative frame for 292057776360 [68,232]
[0605/223442.943:WARNING:browser_info.cc(309)] Returning a speculative frame for 292057776360 [68,232]
[0605/223442.943:WARNING:browser_info.cc(309)] Returning a speculative frame for 292057776360 [68,232]
[0605/223443.117:WARNING:browser_info.cc(309)] Returning a speculative frame for 42949673220 [10,260]
[0605/223443.117:WARNING:browser_info.cc(309)] Returning a speculative frame for 42949673220 [10,260]
[0605/223443.117:WARNING:browser_info.cc(309)] Returning a speculative frame for 42949673220 [10,260]
[0605/223443.118:WARNING:browser_info.cc(309)] Returning a speculative frame for 42949673220 [10,260]
[0605/223443.302:WARNING:browser_info.cc(309)] Returning a speculative frame for 167503724800 [39,256]
[0605/223443.302:WARNING:browser_info.cc(309)] Returning a speculative frame for 167503724800 [39,256]
[0605/223443.302:WARNING:browser_info.cc(309)] Returning a speculative frame for 167503724800 [39,256]
[0605/223443.303:WARNING:browser_info.cc(309)] Returning a speculative frame for 167503724800 [39,256]
[0605/223443.883:WARNING:browser_info.cc(309)] Returning a speculative frame for 64424509701 [15,261]
[0605/223443.883:WARNING:browser_info.cc(309)] Returning a speculative frame for 64424509701 [15,261]
[0605/223443.884:WARNING:browser_info.cc(309)] Returning a speculative frame for 64424509701 [15,261]
[0605/223443.884:WARNING:browser_info.cc(309)] Returning a speculative frame for 64424509701 [15,261]
[0605/223443.973:WARNING:browser_info.cc(309)] Returning a speculative frame for 47244640539 [11,283]
[0605/223443.974:WARNING:browser_info.cc(309)] Returning a speculative frame for 47244640539 [11,283]
[0605/223443.974:WARNING:browser_info.cc(309)] Returning a speculative frame for 47244640539 [11,283]
[0605/223443.974:WARNING:browser_info.cc(309)] Returning a speculative frame for 47244640539 [11,283]
[0605/223444.021:WARNING:browser_info.cc(309)] Returning a speculative frame for 51539607881 [12,329]
[0605/223444.021:WARNING:browser_info.cc(309)] Returning a speculative frame for 51539607881 [12,329]
[0605/223444.021:WARNING:browser_info.cc(309)] Returning a speculative frame for 51539607881 [12,329]
[0605/223444.021:WARNING:browser_info.cc(309)] Returning a speculative frame for 51539607881 [12,329]
[0605/223444.892:WARNING:browser_info.cc(309)] Returning a speculative frame for 292057776370 [68,242]
[0605/223444.893:WARNING:browser_info.cc(309)] Returning a speculative frame for 292057776370 [68,242]
[0605/223444.893:WARNING:browser_info.cc(309)] Returning a speculative frame for 292057776370 [68,242]
[0605/223444.893:WARNING:browser_info.cc(309)] Returning a speculative frame for 292057776370 [68,242]
[0605/223446.295:WARNING:browser_info.cc(309)] Returning a speculative frame for 304942678258 [71,242]
[0605/223446.296:WARNING:browser_info.cc(309)] Returning a speculative frame for 304942678258 [71,242]
[0605/223446.296:WARNING:browser_info.cc(309)] Returning a speculative frame for 304942678258 [71,242]
[0605/223446.296:WARNING:browser_info.cc(309)] Returning a speculative frame for 304942678258 [71,242]
[0605/223446.365:WARNING:browser_info.cc(309)] Returning a speculative frame for 304942678260 [71,244]
[0605/223446.366:WARNING:browser_info.cc(309)] Returning a speculative frame for 304942678260 [71,244]
[0605/223446.366:WARNING:browser_info.cc(309)] Returning a speculative frame for 304942678260 [71,244]
[0605/223446.366:WARNING:browser_info.cc(309)] Returning a speculative frame for 304942678260 [71,244]
[0605/223446.439:WARNING:browser_info.cc(309)] Returning a speculative frame for 304942678262 [71,246]
[0605/223446.440:WARNING:browser_info.cc(309)] Returning a speculative frame for 304942678262 [71,246]
[0605/223446.440:WARNING:browser_info.cc(309)] Returning a speculative frame for 304942678262 [71,246]
[0605/223446.440:WARNING:browser_info.cc(309)] Returning a speculative frame for 304942678262 [71,246]
[0605/223500.909:WARNING:browser_info.cc(309)] Returning a speculative frame for 201863463031 [47,119]
[0605/223501.141:WARNING:browser_info.cc(309)] Returning a speculative frame for 201863463109 [47,197]
[0605/223508.844:WARNING:browser_info.cc(309)] Returning a speculative frame for 154618822907 [36,251]
[0605/223508.844:WARNING:browser_info.cc(309)] Returning a speculative frame for 154618822907 [36,251]
[0605/223508.845:WARNING:browser_info.cc(309)] Returning a speculative frame for 154618822907 [36,251]
[0605/223508.845:WARNING:browser_info.cc(309)] Returning a speculative frame for 154618822907 [36,251]
[0605/223509.248:WARNING:browser_info.cc(309)] Returning a speculative frame for 47244640546 [11,290]
[0605/223509.248:WARNING:browser_info.cc(309)] Returning a speculative frame for 47244640546 [11,290]
[0605/223509.249:WARNING:browser_info.cc(309)] Returning a speculative frame for 47244640546 [11,290]
[0605/223509.249:WARNING:browser_info.cc(309)] Returning a speculative frame for 47244640546 [11,290]
[0605/223510.837:WARNING:browser_info.cc(309)] Returning a speculative frame for 47244640549 [11,293]
[0605/223510.837:WARNING:browser_info.cc(309)] Returning a speculative frame for 47244640549 [11,293]
[0605/223510.837:WARNING:browser_info.cc(309)] Returning a speculative frame for 47244640549 [11,293]
[0605/223510.837:WARNING:browser_info.cc(309)] Returning a speculative frame for 47244640549 [11,293]
[0605/223540.855:WARNING:browser_info.cc(309)] Returning a speculative frame for 64424509711 [15,271]
[0605/223540.855:WARNING:browser_info.cc(309)] Returning a speculative frame for 64424509711 [15,271]
[0605/223540.855:WARNING:browser_info.cc(309)] Returning a speculative frame for 64424509711 [15,271]
[0605/223540.855:WARNING:browser_info.cc(309)] Returning a speculative frame for 64424509711 [15,271]
[0605/223647.450:WARNING:browser_info.cc(309)] Returning a speculative frame for 163208757324 [38,76]
[0605/223647.664:WARNING:browser_info.cc(309)] Returning a speculative frame for 163208757339 [38,91]
[0605/223647.832:WARNING:browser_info.cc(309)] Returning a speculative frame for 25769804055 [6,279]
[0605/223647.833:WARNING:browser_info.cc(309)] Returning a speculative frame for 25769804055 [6,279]
[0605/223647.833:WARNING:browser_info.cc(309)] Returning a speculative frame for 25769804055 [6,279]
[0605/223647.833:WARNING:browser_info.cc(309)] Returning a speculative frame for 25769804055 [6,279]
[0605/223647.835:WARNING:browser_info.cc(309)] Returning a speculative frame for 38654705927 [9,263]
[0605/223647.835:WARNING:browser_info.cc(309)] Returning a speculative frame for 38654705927 [9,263]
[0605/223647.835:WARNING:browser_info.cc(309)] Returning a speculative frame for 38654705927 [9,263]
[0605/223647.835:WARNING:browser_info.cc(309)] Returning a speculative frame for 38654705927 [9,263]
